<?xml version="1.0" encoding="UTF-8"?>
<testng-results ignored="0" total="1" passed="1" failed="0" skipped="0">
  <reporter-output>
  </reporter-output>
  <suite started-at="2025-05-05T12:47:57 IST" name="Default suite" finished-at="2025-05-05T12:49:03 IST" duration-ms="66551">
    <groups>
    </groups>
    <test started-at="2025-05-05T12:47:57 IST" name="Default test" finished-at="2025-05-05T12:49:03 IST" duration-ms="66551">
      <class name="org.testing.testscript.TC6_youtube">
        <test-method is-config="true" signature="open_browser()[pri:0, instance:org.testing.testscript.TC6_youtube@3d285d7e]" started-at="2025-05-05T12:47:57 IST" name="open_browser" finished-at="2025-05-05T12:48:07 IST" duration-ms="10408" status="PASS">
          <reporter-output>
          </reporter-output>
        </test-method> <!-- open_browser -->
        <test-method signature="tc6()[pri:0, instance:org.testing.testscript.TC6_youtube@3d285d7e]" started-at="2025-05-05T12:48:07 IST" name="tc6" finished-at="2025-05-05T12:49:03 IST" duration-ms="55921" status="PASS">
          <reporter-output>
          </reporter-output>
        </test-method> <!-- tc6 -->
        <test-method is-config="true" signature="close_browser()[pri:0, instance:org.testing.testscript.TC6_youtube@3d285d7e]" started-at="2025-05-05T12:49:03 IST" name="close_browser" finished-at="2025-05-05T12:49:03 IST" duration-ms="164" status="PASS">
          <reporter-output>
          </reporter-output>
        </test-method> <!-- close_browser -->
      </class> <!-- org.testing.testscript.TC6_youtube -->
    </test> <!-- Default test -->
  </suite> <!-- Default suite -->
</testng-results>
